\BOOKMARK [1][-]{Doc-Start}{\376\377\000A\000b\000s\000t\000r\000a\000c\000t}{}% 1
\BOOKMARK [1][-]{section*.1}{\376\377\000A\000c\000k\000n\000o\000w\000l\000e\000d\000g\000e\000m\000e\000n\000t\000s}{}% 2
\BOOKMARK [1][-]{section*.3}{\376\377\000N\000o\000m\000e\000n\000c\000l\000a\000t\000u\000r\000e}{}% 3
\BOOKMARK [1][-]{section.1}{\376\377\000I\000n\000t\000r\000o\000d\000u\000c\000t\000i\000o\000n}{}% 4
\BOOKMARK [2][-]{subsection.1.1}{\376\377\000M\000o\000t\000i\000v\000a\000t\000i\000o\000n}{section.1}% 5
\BOOKMARK [2][-]{subsection.1.2}{\376\377\000O\000b\000j\000e\000c\000t\000i\000v\000e\000s}{section.1}% 6
\BOOKMARK [1][-]{section.2}{\376\377\000L\000i\000t\000e\000r\000a\000t\000u\000r\000e\000\040\000R\000e\000v\000i\000e\000w\000\040}{}% 7
\BOOKMARK [2][-]{subsection.2.1}{\376\377\000H\000o\000m\000o\000g\000e\000n\000e\000o\000u\000s\000\040\000C\000o\000n\000d\000e\000n\000s\000a\000t\000i\000o\000n}{section.2}% 8
\BOOKMARK [3][-]{subsubsection.2.1.1}{\376\377\000C\000l\000a\000s\000s\000i\000c\000a\000l\000\040\000N\000u\000c\000l\000e\000a\000t\000i\000o\000n\000\040\000T\000h\000e\000o\000r\000y}{subsection.2.1}% 9
\BOOKMARK [3][-]{subsubsection.2.1.2}{\376\377\000D\000r\000o\000p\000l\000e\000t\000\040\000G\000r\000o\000w\000t\000h\000\040\000i\000n\000\040\000P\000u\000r\000e\000\040\000V\000a\000p\000o\000r}{subsection.2.1}% 10
\BOOKMARK [3][-]{subsubsection.2.1.3}{\376\377\000D\000r\000o\000p\000l\000e\000t\000\040\000E\000v\000a\000p\000o\000r\000a\000t\000i\000o\000n\000\040\000i\000n\000\040\000M\000i\000x\000e\000d\000\040\000S\000p\000e\000c\000i\000e\000s\000\040\000D\000o\000m\000a\000i\000n\000s}{subsection.2.1}% 11
\BOOKMARK [3][-]{subsubsection.2.1.4}{\376\377\000C\000F\000D\000\040\000M\000o\000d\000e\000l\000s}{subsection.2.1}% 12
\BOOKMARK [2][-]{subsection.2.2}{\376\377\000H\000e\000t\000e\000r\000o\000g\000e\000n\000e\000o\000u\000s\000\040\000C\000o\000n\000d\000e\000n\000s\000a\000t\000i\000o\000n}{section.2}% 13
\BOOKMARK [3][-]{subsubsection.2.2.1}{\376\377\000S\000u\000r\000f\000a\000c\000e\000\040\000N\000u\000c\000l\000e\000a\000t\000i\000o\000n}{subsection.2.2}% 14
\BOOKMARK [3][-]{subsubsection.2.2.2}{\376\377\000D\000r\000o\000p\000l\000e\000t\000\040\000G\000r\000o\000w\000t\000h}{subsection.2.2}% 15
\BOOKMARK [3][-]{subsubsection.2.2.3}{\376\377\000D\000r\000o\000p\000l\000e\000t\000\040\000P\000o\000p\000u\000l\000a\000t\000i\000o\000n\000\040\000D\000e\000n\000s\000i\000t\000y\000\040\000a\000n\000d\000\040\000W\000a\000l\000l\000\040\000H\000e\000a\000t\000\040\000F\000l\000u\000x}{subsection.2.2}% 16
\BOOKMARK [3][-]{subsubsection.2.2.4}{\376\377\000C\000F\000D\000\040\000M\000o\000d\000e\000l\000s}{subsection.2.2}% 17
\BOOKMARK [2][-]{subsection.2.3}{\376\377\000D\000i\000s\000c\000u\000s\000s\000i\000o\000n}{section.2}% 18
\BOOKMARK [1][-]{section.3}{\376\377\000M\000e\000t\000h\000o\000d\000o\000l\000o\000g\000y}{}% 19
\BOOKMARK [2][-]{subsection.3.1}{\376\377\000D\000r\000o\000p\000l\000e\000t\000\040\000G\000r\000o\000w\000t\000h}{section.3}% 20
\BOOKMARK [3][-]{subsubsection.3.1.1}{\376\377\000H\000o\000m\000o\000g\000e\000n\000e\000o\000u\000s\000\040\000C\000o\000n\000d\000e\000n\000s\000a\000t\000i\000o\000n\000\040\000i\000n\000\040\000P\000u\000r\000e\000\040\000V\000a\000p\000o\000r}{subsection.3.1}% 21
\BOOKMARK [3][-]{subsubsection.3.1.2}{\376\377\000H\000o\000m\000o\000g\000e\000n\000e\000o\000u\000s\000\040\000C\000o\000n\000d\000e\000n\000s\000a\000t\000i\000o\000n\000\040\000i\000n\000\040\000G\000a\000s\000\040\000M\000i\000x\000t\000u\000r\000e\000s}{subsection.3.1}% 22
\BOOKMARK [3][-]{subsubsection.3.1.3}{\376\377\000H\000e\000t\000e\000r\000o\000g\000e\000n\000e\000o\000u\000s\000\040\000C\000o\000n\000d\000e\000n\000s\000a\000t\000i\000o\000n\000\040\000i\000n\000\040\000P\000u\000r\000e\000\040\000V\000a\000p\000o\000r}{subsection.3.1}% 23
\BOOKMARK [2][-]{subsection.3.2}{\376\377\000H\000o\000m\000o\000g\000e\000n\000e\000o\000u\000s\000\040\000C\000o\000n\000d\000e\000n\000s\000a\000t\000i\000o\000n\000:\000\040\000N\000u\000m\000e\000r\000i\000c\000a\000l\000\040\000M\000e\000t\000h\000o\000d}{section.3}% 24
\BOOKMARK [3][-]{subsubsection.3.2.1}{\376\377\000C\000o\000m\000p\000u\000t\000a\000t\000i\000o\000n\000a\000l\000\040\000D\000o\000m\000a\000i\000n}{subsection.3.2}% 25
\BOOKMARK [3][-]{subsubsection.3.2.2}{\376\377\000T\000r\000a\000n\000s\000p\000o\000r\000t\000\040\000E\000q\000u\000a\000t\000i\000o\000n\000s\000\040\000a\000n\000d\000\040\000C\000o\000n\000d\000e\000n\000s\000a\000t\000i\000o\000n\000\040\000M\000o\000d\000e\000l\000s}{subsection.3.2}% 26
\BOOKMARK [2][-]{subsection.3.3}{\376\377\000H\000e\000t\000e\000r\000o\000g\000e\000n\000e\000o\000u\000s\000\040\000C\000o\000n\000d\000e\000n\000s\000a\000t\000i\000o\000n\000:\000\040\000N\000u\000m\000e\000r\000i\000c\000a\000l\000\040\000M\000e\000t\000h\000o\000d}{section.3}% 27
\BOOKMARK [3][-]{subsubsection.3.3.1}{\376\377\000C\000o\000m\000p\000u\000t\000a\000t\000i\000o\000n\000a\000l\000\040\000D\000o\000m\000a\000i\000n}{subsection.3.3}% 28
\BOOKMARK [3][-]{subsubsection.3.3.2}{\376\377\000T\000r\000a\000n\000s\000p\000o\000r\000t\000\040\000E\000q\000u\000a\000t\000i\000o\000n\000s\000\040\000a\000n\000d\000\040\000C\000o\000n\000d\000e\000n\000s\000a\000t\000i\000o\000n\000\040\000M\000o\000d\000e\000l\000s}{subsection.3.3}% 29
\BOOKMARK [1][-]{section.4}{\376\377\000R\000e\000s\000u\000l\000t\000s}{}% 30
\BOOKMARK [2][-]{subsection.4.1}{\376\377\000D\000r\000o\000p\000l\000e\000t\000\040\000G\000r\000o\000w\000t\000h\000:\000\040\000P\000a\000r\000a\000m\000e\000t\000r\000i\000c\000\040\000A\000n\000a\000l\000y\000s\000i\000s\000\040\000a\000n\000d\000\040\000C\000o\000m\000p\000a\000r\000i\000s\000o\000n}{section.4}% 31
\BOOKMARK [3][-]{subsubsection.4.1.1}{\376\377\000H\000o\000m\000o\000g\000e\000n\000e\000o\000u\000s\000\040\000D\000r\000o\000p\000l\000e\000t\000s}{subsection.4.1}% 32
\BOOKMARK [3][-]{subsubsection.4.1.2}{\376\377\000H\000e\000t\000e\000r\000o\000g\000e\000n\000e\000o\000u\000s\000\040\000D\000r\000o\000p\000l\000e\000t\000s}{subsection.4.1}% 33
\BOOKMARK [2][-]{subsection.4.2}{\376\377\000C\000y\000l\000i\000n\000d\000e\000r\000\040\000C\000a\000s\000e}{section.4}% 34
\BOOKMARK [2][-]{subsection.4.3}{\376\377\000F\000l\000a\000t\000\040\000P\000l\000a\000t\000e\000\040\000C\000a\000s\000e}{section.4}% 35
\BOOKMARK [1][-]{section.5}{\376\377\000D\000i\000s\000c\000u\000s\000s\000i\000o\000n\000\040\000a\000n\000d\000\040\000F\000u\000t\000u\000r\000e\000\040\000W\000o\000r\000k}{}% 36
\BOOKMARK [2][-]{subsection.5.1}{\376\377\000D\000r\000o\000p\000l\000e\000t\000\040\000G\000r\000o\000w\000t\000h}{section.5}% 37
\BOOKMARK [2][-]{subsection.5.2}{\376\377\000H\000o\000m\000o\000g\000e\000n\000e\000o\000u\000s\000\040\000C\000o\000n\000d\000e\000n\000s\000a\000t\000i\000o\000n}{section.5}% 38
\BOOKMARK [2][-]{subsection.5.3}{\376\377\000H\000e\000t\000e\000r\000o\000g\000e\000n\000e\000o\000u\000s\000\040\000C\000o\000n\000d\000e\000n\000s\000a\000t\000i\000o\000n}{section.5}% 39
\BOOKMARK [1][-]{section.6}{\376\377\000C\000o\000n\000c\000l\000u\000s\000i\000o\000n\000s}{}% 40
\BOOKMARK [1][-]{section*.36}{\376\377\000R\000e\000f\000e\000r\000e\000n\000c\000e\000s}{}% 41
\BOOKMARK [1][-]{appendix.1.A}{\376\377\000A\000p\000p\000e\000n\000d\000i\000x\000\040\000D\000e\000r\000i\000v\000a\000t\000i\000o\000n\000s\000\040\000a\000n\000d\000\040\000R\000e\000s\000u\000l\000t\000s}{}% 42
\BOOKMARK [2][-]{subsection.1.A.1}{\376\377\000H\000e\000t\000e\000r\000o\000g\000e\000n\000e\000o\000u\000s\000\040\000D\000r\000o\000p\000l\000e\000t\000\040\000G\000r\000o\000w\000t\000h}{appendix.1.A}% 43
\BOOKMARK [2][-]{subsection.1.A.2}{\376\377\000N\000u\000s\000s\000e\000l\000t\000\040\000C\000o\000r\000r\000e\000c\000t\000i\000o\000n}{appendix.1.A}% 44
\BOOKMARK [2][-]{subsection.1.A.3}{\376\377\000W\000a\000l\000l\000\040\000H\000e\000a\000t\000\040\000F\000l\000u\000x\000\040\000A\000n\000a\000l\000y\000t\000i\000c\000a\000l\000\040\000I\000n\000t\000e\000g\000r\000a\000t\000i\000o\000n}{appendix.1.A}% 45
\BOOKMARK [2][-]{subsection.1.A.4}{\376\377\000D\000r\000o\000p\000l\000e\000t\000\040\000G\000r\000o\000w\000t\000h\000\040\000R\000a\000t\000e\000\040\000C\000y\000l\000i\000n\000d\000e\000r\000\040\000C\000a\000s\000e}{appendix.1.A}% 46
\BOOKMARK [2][-]{subsection.1.A.5}{\376\377\000M\000a\000s\000s\000\040\000F\000r\000a\000c\000t\000i\000o\000n\000\040\000P\000r\000o\000g\000r\000e\000s\000s\000i\000o\000n\000\040\000f\000o\000r\000\040\000F\000l\000a\000t\000\040\000P\000l\000a\000t\000e\000\040\000C\000a\000s\000e}{appendix.1.A}% 47
\BOOKMARK [1][-]{appendix.1.B}{\376\377\000A\000p\000p\000e\000n\000d\000i\000x\000\040\000T\000h\000e\000r\000m\000o\000p\000h\000y\000s\000i\000c\000a\000l\000\040\000P\000r\000o\000p\000e\000r\000t\000i\000e\000s}{}% 48
