This is pdfTeX, Version 3.141592653-2.6-1.40.24 (TeX Live 2022) (preloaded format=pdflatex 2023.3.6)  10 SEP 2023 12:50
entering extended mode
 restricted \write18 enabled.
 file:line:error style messages enabled.
 %&-line parsing enabled.
**/home/omagen/Proj/Reports/Final_report/main.tex
(/home/omagen/Proj/Reports/Final_report/main.tex
LaTeX2e <2022-11-01> patch level 1
L3 programming layer <2023-02-22> (/usr/local/texlive/2022/texmf-dist/tex/latex/base/article.cls
Document Class: article 2022/07/02 v1.4n Standard LaTeX document class
(/usr/local/texlive/2022/texmf-dist/tex/latex/base/size12.clo
File: size12.clo 2022/07/02 v1.4n Standard LaTeX file (size option)
)
\c@part=\count185
\c@section=\count186
\c@subsection=\count187
\c@subsubsection=\count188
\c@paragraph=\count189
\c@subparagraph=\count190
\c@figure=\count191
\c@table=\count192
\abovecaptionskip=\skip48
\belowcaptionskip=\skip49
\bibindent=\dimen140
) (/usr/local/texlive/2022/texmf-dist/tex/generic/babel/babel.sty
Package: babel 2023/02/13 3.86 The Babel package
\babel@savecnt=\count193
\U@D=\dimen141
\l@unhyphenated=\language87
 (/usr/local/texlive/2022/texmf-dist/tex/generic/babel/txtbabel.def)
\bbl@readstream=\read2
\bbl@dirlevel=\count194
 (/usr/local/texlive/2022/texmf-dist/tex/generic/babel-english/english.ldf
Language: english 2017/06/06 v3.3r English support from the babel system
Package babel Info: Hyphen rules for 'canadian' set to \l@english
(babel)             (\language0). Reported on input line 102.
Package babel Info: Hyphen rules for 'australian' set to \l@ukenglish
(babel)             (\language21). Reported on input line 105.
Package babel Info: Hyphen rules for 'newzealand' set to \l@ukenglish
(babel)             (\language21). Reported on input line 108.
)) (/usr/local/texlive/2022/texmf-dist/tex/generic/babel/locale/en/babel-english.tex
Package babel Info: Importing font and identification data for english
(babel)             from babel-en.ini. Reported on input line 11.
) (/usr/local/texlive/2022/texmf-dist/tex/latex/graphics/graphics.sty
Package: graphics 2022/03/10 v1.4e Standard LaTeX Graphics (DPC,SPQR)
 (/usr/local/texlive/2022/texmf-dist/tex/latex/graphics/trig.sty
Package: trig 2021/08/11 v1.11 sin cos tan (DPC)
) (/usr/local/texlive/2022/texmf-dist/tex/latex/graphics-cfg/graphics.cfg
File: graphics.cfg 2016/06/04 v1.11 sample graphics configuration
)
Package graphics Info: Driver file: pdftex.def on input line 107.
 (/usr/local/texlive/2022/texmf-dist/tex/latex/graphics-def/pdftex.def
File: pdftex.def 2022/09/22 v1.2b Graphics/color driver for pdftex
)) (/usr/local/texlive/2022/texmf-dist/tex/latex/graphics/graphicx.sty
Package: graphicx 2021/09/16 v1.2d Enhanced LaTeX Graphics (DPC,SPQR)
 (/usr/local/texlive/2022/texmf-dist/tex/latex/graphics/keyval.sty
Package: keyval 2022/05/29 v1.15 key=value parser (DPC)
\KV@toks@=\toks16
)
\Gin@req@height=\dimen142
\Gin@req@width=\dimen143
) (/usr/local/texlive/2022/texmf-dist/tex/latex/fancyhdr/fancyhdr.sty
Package: fancyhdr 2022/11/09 v4.1 Extensive control of page headers and footers
\f@nch@headwidth=\skip50
\f@nch@O@elh=\skip51
\f@nch@O@erh=\skip52
\f@nch@O@olh=\skip53
\f@nch@O@orh=\skip54
\f@nch@O@elf=\skip55
\f@nch@O@erf=\skip56
\f@nch@O@olf=\skip57
\f@nch@O@orf=\skip58
) (/usr/local/texlive/2022/texmf-dist/tex/latex/placeins/placeins.sty
Package: placeins 2005/04/18  v 2.2
) (/usr/local/texlive/2022/texmf-dist/tex/latex/geometry/geometry.sty
Package: geometry 2020/01/02 v5.9 Page Geometry
 (/usr/local/texlive/2022/texmf-dist/tex/generic/iftex/ifvtex.sty
Package: ifvtex 2019/10/25 v1.7 ifvtex legacy package. Use iftex instead.
 (/usr/local/texlive/2022/texmf-dist/tex/generic/iftex/iftex.sty
Package: iftex 2022/02/03 v1.0f TeX engine tests
))
\Gm@cnth=\count195
\Gm@cntv=\count196
\c@Gm@tempcnt=\count197
\Gm@bindingoffset=\dimen144
\Gm@wd@mp=\dimen145
\Gm@odd@mp=\dimen146
\Gm@even@mp=\dimen147
\Gm@layoutwidth=\dimen148
\Gm@layoutheight=\dimen149
\Gm@layouthoffset=\dimen150
\Gm@layoutvoffset=\dimen151
\Gm@dimlist=\toks17
) (/usr/local/texlive/2022/texmf-dist/tex/latex/tocloft/tocloft.sty
Package: tocloft 2017/08/31 v2.3i parameterised ToC, etc., typesetting
Package tocloft Info: The document has section divisions on input line 51.
\cftparskip=\skip59
\cftbeforetoctitleskip=\skip60
\cftaftertoctitleskip=\skip61
\cftbeforepartskip=\skip62
\cftpartnumwidth=\skip63
\cftpartindent=\skip64
\cftbeforesecskip=\skip65
\cftsecindent=\skip66
\cftsecnumwidth=\skip67
\cftbeforesubsecskip=\skip68
\cftsubsecindent=\skip69
\cftsubsecnumwidth=\skip70
\cftbeforesubsubsecskip=\skip71
\cftsubsubsecindent=\skip72
\cftsubsubsecnumwidth=\skip73
\cftbeforeparaskip=\skip74
\cftparaindent=\skip75
\cftparanumwidth=\skip76
\cftbeforesubparaskip=\skip77
\cftsubparaindent=\skip78
\cftsubparanumwidth=\skip79
\cftbeforeloftitleskip=\skip80
\cftafterloftitleskip=\skip81
\cftbeforefigskip=\skip82
\cftfigindent=\skip83
\cftfignumwidth=\skip84
\c@lofdepth=\count198
\c@lotdepth=\count199
\cftbeforelottitleskip=\skip85
\cftafterlottitleskip=\skip86
\cftbeforetabskip=\skip87
\cfttabindent=\skip88
\cfttabnumwidth=\skip89
) (/usr/local/texlive/2022/texmf-dist/tex/latex/base/inputenc.sty
Package: inputenc 2021/02/14 v1.3d Input encoding file
\inpenc@prehook=\toks18
\inpenc@posthook=\toks19
) (/usr/local/texlive/2022/texmf-dist/tex/latex/base/fontenc.sty
Package: fontenc 2021/04/29 v2.0v Standard LaTeX package
) (/usr/local/texlive/2022/texmf-dist/tex/latex/lm/lmodern.sty
Package: lmodern 2015/05/01 v1.6.1 Latin Modern Fonts
LaTeX Font Info:    Overwriting symbol font `operators' in version `normal'
(Font)                  OT1/cmr/m/n --> OT1/lmr/m/n on input line 22.
LaTeX Font Info:    Overwriting symbol font `letters' in version `normal'
(Font)                  OML/cmm/m/it --> OML/lmm/m/it on input line 23.
LaTeX Font Info:    Overwriting symbol font `symbols' in version `normal'
(Font)                  OMS/cmsy/m/n --> OMS/lmsy/m/n on input line 24.
LaTeX Font Info:    Overwriting symbol font `largesymbols' in version `normal'
(Font)                  OMX/cmex/m/n --> OMX/lmex/m/n on input line 25.
LaTeX Font Info:    Overwriting symbol font `operators' in version `bold'
(Font)                  OT1/cmr/bx/n --> OT1/lmr/bx/n on input line 26.
LaTeX Font Info:    Overwriting symbol font `letters' in version `bold'
(Font)                  OML/cmm/b/it --> OML/lmm/b/it on input line 27.
LaTeX Font Info:    Overwriting symbol font `symbols' in version `bold'
(Font)                  OMS/cmsy/b/n --> OMS/lmsy/b/n on input line 28.
LaTeX Font Info:    Overwriting symbol font `largesymbols' in version `bold'
(Font)                  OMX/cmex/m/n --> OMX/lmex/m/n on input line 29.
LaTeX Font Info:    Overwriting math alphabet `\mathbf' in version `normal'
(Font)                  OT1/cmr/bx/n --> OT1/lmr/bx/n on input line 31.
LaTeX Font Info:    Overwriting math alphabet `\mathsf' in version `normal'
(Font)                  OT1/cmss/m/n --> OT1/lmss/m/n on input line 32.
LaTeX Font Info:    Overwriting math alphabet `\mathit' in version `normal'
(Font)                  OT1/cmr/m/it --> OT1/lmr/m/it on input line 33.
LaTeX Font Info:    Overwriting math alphabet `\mathtt' in version `normal'
(Font)                  OT1/cmtt/m/n --> OT1/lmtt/m/n on input line 34.
LaTeX Font Info:    Overwriting math alphabet `\mathbf' in version `bold'
(Font)                  OT1/cmr/bx/n --> OT1/lmr/bx/n on input line 35.
LaTeX Font Info:    Overwriting math alphabet `\mathsf' in version `bold'
(Font)                  OT1/cmss/bx/n --> OT1/lmss/bx/n on input line 36.
LaTeX Font Info:    Overwriting math alphabet `\mathit' in version `bold'
(Font)                  OT1/cmr/bx/it --> OT1/lmr/bx/it on input line 37.
LaTeX Font Info:    Overwriting math alphabet `\mathtt' in version `bold'
(Font)                  OT1/cmtt/m/n --> OT1/lmtt/m/n on input line 38.
) (/usr/local/texlive/2022/texmf-dist/tex/latex/amsmath/amsmath.sty
Package: amsmath 2022/04/08 v2.17n AMS math features
\@mathmargin=\skip90

For additional information on amsmath, use the `?' option.
(/usr/local/texlive/2022/texmf-dist/tex/latex/amsmath/amstext.sty
Package: amstext 2021/08/26 v2.01 AMS text
 (/usr/local/texlive/2022/texmf-dist/tex/latex/amsmath/amsgen.sty
File: amsgen.sty 1999/11/30 v2.0 generic functions
\@emptytoks=\toks20
\ex@=\dimen152
)) (/usr/local/texlive/2022/texmf-dist/tex/latex/amsmath/amsbsy.sty
Package: amsbsy 1999/11/29 v1.2d Bold Symbols
\pmbraise@=\dimen153
) (/usr/local/texlive/2022/texmf-dist/tex/latex/amsmath/amsopn.sty
Package: amsopn 2022/04/08 v2.04 operator names
)
\inf@bad=\count266
LaTeX Info: Redefining \frac on input line 234.
\uproot@=\count267
\leftroot@=\count268
LaTeX Info: Redefining \overline on input line 399.
LaTeX Info: Redefining \colon on input line 410.
\classnum@=\count269
\DOTSCASE@=\count270
LaTeX Info: Redefining \ldots on input line 496.
LaTeX Info: Redefining \dots on input line 499.
LaTeX Info: Redefining \cdots on input line 620.
\Mathstrutbox@=\box51
\strutbox@=\box52
LaTeX Info: Redefining \big on input line 722.
LaTeX Info: Redefining \Big on input line 723.
LaTeX Info: Redefining \bigg on input line 724.
LaTeX Info: Redefining \Bigg on input line 725.
\big@size=\dimen154
LaTeX Font Info:    Redeclaring font encoding OML on input line 743.
LaTeX Font Info:    Redeclaring font encoding OMS on input line 744.
\macc@depth=\count271
LaTeX Info: Redefining \bmod on input line 905.
LaTeX Info: Redefining \pmod on input line 910.
LaTeX Info: Redefining \smash on input line 940.
LaTeX Info: Redefining \relbar on input line 970.
LaTeX Info: Redefining \Relbar on input line 971.
\c@MaxMatrixCols=\count272
\dotsspace@=\muskip16
\c@parentequation=\count273
\dspbrk@lvl=\count274
\tag@help=\toks21
\row@=\count275
\column@=\count276
\maxfields@=\count277
\andhelp@=\toks22
\eqnshift@=\dimen155
\alignsep@=\dimen156
\tagshift@=\dimen157
\tagwidth@=\dimen158
\totwidth@=\dimen159
\lineht@=\dimen160
\@envbody=\toks23
\multlinegap=\skip91
\multlinetaggap=\skip92
\mathdisplay@stack=\toks24
LaTeX Info: Redefining \[ on input line 2953.
LaTeX Info: Redefining \] on input line 2954.
) (/usr/local/texlive/2022/texmf-dist/tex/latex/hyperref/hyperref.sty
Package: hyperref 2023-02-07 v7.00v Hypertext links for LaTeX
 (/usr/local/texlive/2022/texmf-dist/tex/generic/ltxcmds/ltxcmds.sty
Package: ltxcmds 2020-05-10 v1.25 LaTeX kernel commands for general use (HO)
) (/usr/local/texlive/2022/texmf-dist/tex/generic/pdftexcmds/pdftexcmds.sty
Package: pdftexcmds 2020-06-27 v0.33 Utility functions of pdfTeX for LuaTeX (HO)
 (/usr/local/texlive/2022/texmf-dist/tex/generic/infwarerr/infwarerr.sty
Package: infwarerr 2019/12/03 v1.5 Providing info/warning/error messages (HO)
)
Package pdftexcmds Info: \pdf@primitive is available.
Package pdftexcmds Info: \pdf@ifprimitive is available.
Package pdftexcmds Info: \pdfdraftmode found.
) (/usr/local/texlive/2022/texmf-dist/tex/latex/kvsetkeys/kvsetkeys.sty
Package: kvsetkeys 2022-10-05 v1.19 Key value parser (HO)
) (/usr/local/texlive/2022/texmf-dist/tex/generic/kvdefinekeys/kvdefinekeys.sty
Package: kvdefinekeys 2019-12-19 v1.6 Define keys (HO)
) (/usr/local/texlive/2022/texmf-dist/tex/generic/pdfescape/pdfescape.sty
Package: pdfescape 2019/12/09 v1.15 Implements pdfTeX's escape features (HO)
) (/usr/local/texlive/2022/texmf-dist/tex/latex/hycolor/hycolor.sty
Package: hycolor 2020-01-27 v1.10 Color options for hyperref/bookmark (HO)
) (/usr/local/texlive/2022/texmf-dist/tex/latex/letltxmacro/letltxmacro.sty
Package: letltxmacro 2019/12/03 v1.6 Let assignment for LaTeX macros (HO)
) (/usr/local/texlive/2022/texmf-dist/tex/latex/auxhook/auxhook.sty
Package: auxhook 2019-12-17 v1.6 Hooks for auxiliary files (HO)
) (/usr/local/texlive/2022/texmf-dist/tex/latex/hyperref/nameref.sty
Package: nameref 2022-05-17 v2.50 Cross-referencing by name of section
 (/usr/local/texlive/2022/texmf-dist/tex/latex/refcount/refcount.sty
Package: refcount 2019/12/15 v3.6 Data extraction from label references (HO)
) (/usr/local/texlive/2022/texmf-dist/tex/generic/gettitlestring/gettitlestring.sty
Package: gettitlestring 2019/12/15 v1.6 Cleanup title references (HO)
 (/usr/local/texlive/2022/texmf-dist/tex/latex/kvoptions/kvoptions.sty
Package: kvoptions 2022-06-15 v3.15 Key value format for package options (HO)
))
\c@section@level=\count278
)
\@linkdim=\dimen161
\Hy@linkcounter=\count279
\Hy@pagecounter=\count280
 (/usr/local/texlive/2022/texmf-dist/tex/latex/hyperref/pd1enc.def
File: pd1enc.def 2023-02-07 v7.00v Hyperref: PDFDocEncoding definition (HO)
Now handling font encoding PD1 ...
... no UTF-8 mapping file for font encoding PD1
) (/usr/local/texlive/2022/texmf-dist/tex/generic/intcalc/intcalc.sty
Package: intcalc 2019/12/15 v1.3 Expandable calculations with integers (HO)
) (/usr/local/texlive/2022/texmf-dist/tex/generic/etexcmds/etexcmds.sty
Package: etexcmds 2019/12/15 v1.7 Avoid name clashes with e-TeX commands (HO)
)
\Hy@SavedSpaceFactor=\count281
 (/usr/local/texlive/2022/texmf-dist/tex/latex/hyperref/puenc.def
File: puenc.def 2023-02-07 v7.00v Hyperref: PDF Unicode definition (HO)
Now handling font encoding PU ...
... no UTF-8 mapping file for font encoding PU
)
Package hyperref Info: Option `colorlinks' set `true' on input line 4060.
Package hyperref Info: Hyper figures OFF on input line 4177.
Package hyperref Info: Link nesting OFF on input line 4182.
Package hyperref Info: Hyper index ON on input line 4185.
Package hyperref Info: Plain pages OFF on input line 4192.
Package hyperref Info: Backreferencing OFF on input line 4197.
Package hyperref Info: Implicit mode ON; LaTeX internals redefined.
Package hyperref Info: Bookmarks ON on input line 4425.
\c@Hy@tempcnt=\count282
 (/usr/local/texlive/2022/texmf-dist/tex/latex/url/url.sty
\Urlmuskip=\muskip17
Package: url 2013/09/16  ver 3.4  Verb mode for urls, etc.
)
LaTeX Info: Redefining \url on input line 4763.
\XeTeXLinkMargin=\dimen162
 (/usr/local/texlive/2022/texmf-dist/tex/generic/bitset/bitset.sty
Package: bitset 2019/12/09 v1.3 Handle bit-vector datatype (HO)
 (/usr/local/texlive/2022/texmf-dist/tex/generic/bigintcalc/bigintcalc.sty
Package: bigintcalc 2019/12/15 v1.5 Expandable calculations on big integers (HO)
))
\Fld@menulength=\count283
\Field@Width=\dimen163
\Fld@charsize=\dimen164
Package hyperref Info: Hyper figures OFF on input line 6042.
Package hyperref Info: Link nesting OFF on input line 6047.
Package hyperref Info: Hyper index ON on input line 6050.
Package hyperref Info: backreferencing OFF on input line 6057.
Package hyperref Info: Link coloring ON on input line 6060.
Package hyperref Info: Link coloring with OCG OFF on input line 6067.
Package hyperref Info: PDF/A mode OFF on input line 6072.
 (/usr/local/texlive/2022/texmf-dist/tex/latex/base/atbegshi-ltx.sty
Package: atbegshi-ltx 2021/01/10 v1.0c Emulation of the original atbegshi
package with kernel methods
)
\Hy@abspage=\count284
\c@Item=\count285
\c@Hfootnote=\count286
)
Package hyperref Info: Driver (autodetected): hpdftex.
 (/usr/local/texlive/2022/texmf-dist/tex/latex/hyperref/hpdftex.def
File: hpdftex.def 2023-02-07 v7.00v Hyperref driver for pdfTeX
 (/usr/local/texlive/2022/texmf-dist/tex/latex/base/atveryend-ltx.sty
Package: atveryend-ltx 2020/08/19 v1.0a Emulation of the original atveryend package
with kernel methods
)
\Fld@listcount=\count287
\c@bookmark@seq@number=\count288
 (/usr/local/texlive/2022/texmf-dist/tex/latex/rerunfilecheck/rerunfilecheck.sty
Package: rerunfilecheck 2022-07-10 v1.10 Rerun checks for auxiliary files (HO)
 (/usr/local/texlive/2022/texmf-dist/tex/generic/uniquecounter/uniquecounter.sty
Package: uniquecounter 2019/12/15 v1.4 Provide unlimited unique counter (HO)
)
Package uniquecounter Info: New unique counter `rerunfilecheck' on input line 285.
)
\Hy@SectionHShift=\skip93
) (/usr/local/texlive/2022/texmf-dist/tex/latex/float/float.sty
Package: float 2001/11/08 v1.3d Float enhancements (AL)
\c@float@type=\count289
\float@exts=\toks25
\float@box=\box53
\@float@everytoks=\toks26
\@floatcapt=\box54
) (/usr/local/texlive/2022/texmf-dist/tex/latex/algorithms/algorithm.sty
Package: algorithm 2009/08/24 v0.1 Document Style `algorithm' - floating environment
 (/usr/local/texlive/2022/texmf-dist/tex/latex/base/ifthen.sty
Package: ifthen 2022/04/13 v1.1d Standard LaTeX ifthen package (DPC)
)
\@float@every@algorithm=\toks27
\c@algorithm=\count290
) (/usr/local/texlive/2022/texmf-dist/tex/latex/algorithmicx/algpseudocode.sty
Package: algpseudocode 
 (/usr/local/texlive/2022/texmf-dist/tex/latex/algorithmicx/algorithmicx.sty
Package: algorithmicx 2005/04/27 v1.2 Algorithmicx

Document Style algorithmicx 1.2 - a greatly improved `algorithmic' style
\c@ALG@line=\count291
\c@ALG@rem=\count292
\c@ALG@nested=\count293
\ALG@tlm=\skip94
\ALG@thistlm=\skip95
\c@ALG@Lnr=\count294
\c@ALG@blocknr=\count295
\c@ALG@storecount=\count296
\c@ALG@tmpcounter=\count297
\ALG@tmplength=\skip96
)
Document Style - pseudocode environments for use with the `algorithmicx' style
) (/usr/local/texlive/2022/texmf-dist/tex/latex/psnfss/pifont.sty
Package: pifont 2020/03/25 PSNFSS-v9.3 Pi font support (SPQR) 
LaTeX Font Info:    Trying to load font information for U+pzd on input line 63.
 (/usr/local/texlive/2022/texmf-dist/tex/latex/psnfss/upzd.fd
File: upzd.fd 2001/06/04 font definitions for U/pzd.
)
LaTeX Font Info:    Trying to load font information for U+psy on input line 64.
 (/usr/local/texlive/2022/texmf-dist/tex/latex/psnfss/upsy.fd
File: upsy.fd 2001/06/04 font definitions for U/psy.
)) (/usr/local/texlive/2022/texmf-dist/tex/latex/setspace/setspace.sty
Package: setspace 2022/12/04 v6.7b set line spacing
) (/usr/local/texlive/2022/texmf-dist/tex/latex/caption/caption.sty
Package: caption 2022/03/01 v3.6b Customizing captions (AR)
 (/usr/local/texlive/2022/texmf-dist/tex/latex/caption/caption3.sty
Package: caption3 2022/03/17 v2.3b caption3 kernel (AR)
\caption@tempdima=\dimen165
\captionmargin=\dimen166
\caption@leftmargin=\dimen167
\caption@rightmargin=\dimen168
\caption@width=\dimen169
\caption@indent=\dimen170
\caption@parindent=\dimen171
\caption@hangindent=\dimen172
Package caption Info: Standard document class detected.
)
\c@caption@flags=\count298
\c@continuedfloat=\count299
Package caption Info: float package is loaded.
Package caption Info: hyperref package is loaded.
) (/usr/local/texlive/2022/texmf-dist/tex/latex/threeparttable/threeparttable.sty
Package: threeparttable 2003/06/13  v 3.0
\@tempboxb=\box55
) (/usr/local/texlive/2022/texmf-dist/tex/latex/appendix/appendix.sty
Package: appendix 2020/02/08 v1.2c extra appendix facilities
\c@@pps=\count300
\c@@ppsavesec=\count301
\c@@ppsaveapp=\count302
) (/usr/local/texlive/2022/texmf-dist/tex/latex/nomencl/nomencl.sty
Package: nomencl 2021/11/10 v5.6 Nomenclature package
 (/usr/local/texlive/2022/texmf-dist/tex/latex/xkeyval/xkeyval.sty
Package: xkeyval 2022/06/16 v2.9 package option processing (HA)
 (/usr/local/texlive/2022/texmf-dist/tex/generic/xkeyval/xkeyval.tex (/usr/local/texlive/2022/texmf-dist/tex/generic/xkeyval/xkvutils.tex
\XKV@toks=\toks28
\XKV@tempa@toks=\toks29
)
\XKV@depth=\count303
File: xkeyval.tex 2014/12/03 v2.7a key=value parser (HA)
)) (/usr/local/texlive/2022/texmf-dist/tex/latex/koma-script/tocbasic.sty
Package: tocbasic 2022/10/12 v3.38 KOMA-Script package (handling toc-files)
 (/usr/local/texlive/2022/texmf-dist/tex/latex/koma-script/scrbase.sty
Package: scrbase 2022/10/12 v3.38 KOMA-Script package (KOMA-Script-independent basics and keyval usage)
 (/usr/local/texlive/2022/texmf-dist/tex/latex/koma-script/scrlfile.sty
Package: scrlfile 2022/10/12 v3.38 KOMA-Script package (file load hooks)
 (/usr/local/texlive/2022/texmf-dist/tex/latex/koma-script/scrlfile-hook.sty
Package: scrlfile-hook 2022/10/12 v3.38 KOMA-Script package (using LaTeX hooks)
 (/usr/local/texlive/2022/texmf-dist/tex/latex/koma-script/scrlogo.sty
Package: scrlogo 2022/10/12 v3.38 KOMA-Script package (logo)
)))
Applying: [2021/05/01] Usage of raw or classic option list on input line 252.
Already applied: [0000/00/00] Usage of raw or classic option list on input line 368.
)
\scr@dte@tocline@numberwidth=\skip97
\scr@dte@tocline@numbox=\box56
)
Package tocbasic Info: setting babel extension for `nlo' on input line 187.
Package tocbasic Info: setting babel extension for `nls' on input line 188.
\nomlabelwidth=\dimen173
\nom@tempdim=\dimen174
\nomitemsep=\skip98
) (/usr/local/texlive/2022/texmf-dist/tex/latex/tools/multicol.sty
Package: multicol 2021/11/30 v1.9d multicolumn formatting (FMi)
\c@tracingmulticols=\count304
\mult@box=\box57
\multicol@leftmargin=\dimen175
\c@unbalance=\count305
\c@collectmore=\count306
\doublecol@number=\count307
\multicoltolerance=\count308
\multicolpretolerance=\count309
\full@width=\dimen176
\page@free=\dimen177
\premulticols=\dimen178
\postmulticols=\dimen179
\multicolsep=\skip99
\multicolbaselineskip=\skip100
\partial@page=\box58
\last@line=\box59
\maxbalancingoverflow=\dimen180
\mult@rightbox=\box60
\mult@grightbox=\box61
\mult@firstbox=\box62
\mult@gfirstbox=\box63
\@tempa=\box64
\@tempa=\box65
\@tempa=\box66
\@tempa=\box67
\@tempa=\box68
\@tempa=\box69
\@tempa=\box70
\@tempa=\box71
\@tempa=\box72
\@tempa=\box73
\@tempa=\box74
\@tempa=\box75
\@tempa=\box76
\@tempa=\box77
\@tempa=\box78
\@tempa=\box79
\@tempa=\box80
\@tempa=\box81
\@tempa=\box82
\@tempa=\box83
\@tempa=\box84
\@tempa=\box85
\@tempa=\box86
\@tempa=\box87
\@tempa=\box88
\@tempa=\box89
\@tempa=\box90
\@tempa=\box91
\@tempa=\box92
\@tempa=\box93
\@tempa=\box94
\@tempa=\box95
\@tempa=\box96
\@tempa=\box97
\@tempa=\box98
\@tempa=\box99
\c@minrows=\count310
\c@columnbadness=\count311
\c@finalcolumnbadness=\count312
\last@try=\dimen181
\multicolovershoot=\dimen182
\multicolundershoot=\dimen183
\mult@nat@firstbox=\box100
\colbreak@box=\box101
\mc@col@check@num=\count313
)
LaTeX Font Info:    Trying to load font information for T1+lmss on input line 54.
 (/usr/local/texlive/2022/texmf-dist/tex/latex/lm/t1lmss.fd
File: t1lmss.fd 2015/05/01 v1.6.1 Font defs for Latin Modern
) (/usr/local/texlive/2022/texmf-dist/tex/latex/l3backend/l3backend-pdftex.def
File: l3backend-pdftex.def 2023-01-16 L3 backend support: PDF output (pdfTeX)
\l__color_backend_stack_int=\count314
\l__pdf_internal_box=\box102
) (./main.aux (./Title.aux)

LaTeX Warning: Label `f:Mass_Fraction_het' multiply defined.

)
\openout1 = `main.aux'.

LaTeX Font Info:    Checking defaults for OML/cmm/m/it on input line 54.
LaTeX Font Info:    ... okay on input line 54.
LaTeX Font Info:    Checking defaults for OMS/cmsy/m/n on input line 54.
LaTeX Font Info:    ... okay on input line 54.
LaTeX Font Info:    Checking defaults for OT1/cmr/m/n on input line 54.
LaTeX Font Info:    ... okay on input line 54.
LaTeX Font Info:    Checking defaults for T1/cmr/m/n on input line 54.
LaTeX Font Info:    ... okay on input line 54.
LaTeX Font Info:    Checking defaults for TS1/cmr/m/n on input line 54.
LaTeX Font Info:    ... okay on input line 54.
LaTeX Font Info:    Checking defaults for OMX/cmex/m/n on input line 54.
LaTeX Font Info:    ... okay on input line 54.
LaTeX Font Info:    Checking defaults for U/cmr/m/n on input line 54.
LaTeX Font Info:    ... okay on input line 54.
LaTeX Font Info:    Checking defaults for PD1/pdf/m/n on input line 54.
LaTeX Font Info:    ... okay on input line 54.
LaTeX Font Info:    Checking defaults for PU/pdf/m/n on input line 54.
LaTeX Font Info:    ... okay on input line 54.
 (/usr/local/texlive/2022/texmf-dist/tex/context/base/mkii/supp-pdf.mkii
[Loading MPS to PDF converter (version 2006.09.02).]
\scratchcounter=\count315
\scratchdimen=\dimen184
\scratchbox=\box103
\nofMPsegments=\count316
\nofMParguments=\count317
\everyMPshowfont=\toks30
\MPscratchCnt=\count318
\MPscratchDim=\dimen185
\MPnumerator=\count319
\makeMPintoPDFobject=\count320
\everyMPtoPDFconversion=\toks31
) (/usr/local/texlive/2022/texmf-dist/tex/latex/epstopdf-pkg/epstopdf-base.sty
Package: epstopdf-base 2020-01-24 v2.11 Base part for package epstopdf
Package epstopdf-base Info: Redefining graphics rule for `.eps' on input line 485.
 (/usr/local/texlive/2022/texmf-dist/tex/latex/latexconfig/epstopdf-sys.cfg
File: epstopdf-sys.cfg 2010/07/13 v1.3 Configuration of (r)epstopdf for TeX Live
))
*geometry* driver: auto-detecting
*geometry* detected driver: pdftex
*geometry* verbose mode - [ preamble ] result:
* driver: pdftex
* paper: a4paper
* layout: <same size as paper>
* layoutoffset:(h,v)=(0.0pt,0.0pt)
* modes: 
* h-part:(L,W,R)=(85.35826pt, 455.24411pt, 56.9055pt)
* v-part:(T,H,B)=(56.9055pt, 715.87154pt, 72.2698pt)
* \paperwidth=597.50787pt
* \paperheight=845.04684pt
* \textwidth=455.24411pt
* \textheight=715.87154pt
* \oddsidemargin=13.08827pt
* \evensidemargin=13.08827pt
* \topmargin=-52.36449pt
* \headheight=12.0pt
* \headsep=25.0pt
* \topskip=12.0pt
* \footskip=30.0pt
* \marginparwidth=49.79231pt
* \marginparsep=10.0pt
* \columnsep=10.0pt
* \skip\footins=10.8pt plus 4.0pt minus 2.0pt
* \hoffset=0.0pt
* \voffset=0.0pt
* \mag=1000
* \@twocolumnfalse
* \@twosidefalse
* \@mparswitchfalse
* \@reversemarginfalse
* (1in=72.27pt=25.4mm, 1cm=28.453pt)

(/usr/local/texlive/2022/texmf-dist/tex/latex/graphics/color.sty
Package: color 2022/01/06 v1.3d Standard LaTeX Color (DPC)
 (/usr/local/texlive/2022/texmf-dist/tex/latex/graphics-cfg/color.cfg
File: color.cfg 2016/01/02 v1.6 sample color configuration
)
Package color Info: Driver file: pdftex.def on input line 149.
 (/usr/local/texlive/2022/texmf-dist/tex/latex/graphics/mathcolor.ltx))
Package hyperref Info: Link coloring ON on input line 54.
 (./main.out) (./main.out)
\@outlinefile=\write3
\openout3 = `main.out'.

Package caption Info: Begin \AtBeginDocument code.
Package caption Info: threeparttable package is loaded.
Package caption Info: End \AtBeginDocument code.
\openout2 = `Title.aux'.

 (./Title.tex
LaTeX Font Info:    Trying to load font information for T1+lmr on input line 23.
 (/usr/local/texlive/2022/texmf-dist/tex/latex/lm/t1lmr.fd
File: t1lmr.fd 2015/05/01 v1.6.1 Font defs for Latin Modern
)

LaTeX Font Warning: Font shape `T1/lmss/m/sc' in size <12> not available
(Font)              Font shape `T1/lmr/m/sc' tried instead on input line 23.


LaTeX Font Warning: Font shape `T1/lmss/m/sc' in size <17.28> not available
(Font)              Font shape `T1/lmr/m/sc' tried instead on input line 23.


LaTeX Font Warning: Font shape `T1/lmss/m/sc' in size <14.4> not available
(Font)              Font shape `T1/lmr/m/sc' tried instead on input line 24.

LaTeX Font Info:    Trying to load font information for OT1+lmr on input line 46.
(/usr/local/texlive/2022/texmf-dist/tex/latex/lm/ot1lmr.fd
File: ot1lmr.fd 2015/05/01 v1.6.1 Font defs for Latin Modern
)
LaTeX Font Info:    Trying to load font information for OML+lmm on input line 46.
 (/usr/local/texlive/2022/texmf-dist/tex/latex/lm/omllmm.fd
File: omllmm.fd 2015/05/01 v1.6.1 Font defs for Latin Modern
)
LaTeX Font Info:    Trying to load font information for OMS+lmsy on input line 46.
 (/usr/local/texlive/2022/texmf-dist/tex/latex/lm/omslmsy.fd
File: omslmsy.fd 2015/05/01 v1.6.1 Font defs for Latin Modern
)
LaTeX Font Info:    Trying to load font information for OMX+lmex on input line 46.
 (/usr/local/texlive/2022/texmf-dist/tex/latex/lm/omxlmex.fd
File: omxlmex.fd 2015/05/01 v1.6.1 Font defs for Latin Modern
)
LaTeX Font Info:    External font `lmex10' loaded for size
(Font)              <12> on input line 46.
LaTeX Font Info:    External font `lmex10' loaded for size
(Font)              <8> on input line 46.
LaTeX Font Info:    External font `lmex10' loaded for size
(Font)              <6> on input line 46.
 [1


{/usr/local/texlive/2022/texmf-var/fonts/map/pdftex/updmap/pdftex.map}]) [2


] [3] (./main.toc [4])
\tf@toc=\write4
\openout4 = `main.toc'.

 (./main.lof [5])
\tf@lof=\write5
\openout5 = `main.lof'.

 (./main.lot)
\tf@lot=\write6
\openout6 = `main.lot'.

 [6]
\@nomenclaturefile=\write7
\openout7 = `main.nlo'.

Package nomencl Info: Writing nomenclature file main.nlo on input line 95.
 (./main.nls [7]) [8]
Underfull \hbox (badness 10000) in paragraph at lines 192--196

 []


pdfTeX warning (ext4): destination with the same identifier (name{page.1}) has been already used, duplicate ignored
<to be read again> 
                   \relax 
l.196 \begin{enumerate}
                        [1] [2] [3]
<Figures/metastable_ext.pdf, id=418, 462.52798pt x 346.89601pt>
File: Figures/metastable_ext.pdf Graphic file (type pdf)
<use Figures/metastable_ext.pdf>
Package pdftex.def Info: Figures/metastable_ext.pdf  used on input line 238.
(pdftex.def)             Requested size: 318.66948pt x 239.01443pt.
 [4 <./Figures/metastable_ext.pdf>]
<Figures/crit_rad_homo.pdf, id=486, 867.24pt x 361.35pt>
File: Figures/crit_rad_homo.pdf Graphic file (type pdf)
<use Figures/crit_rad_homo.pdf>
Package pdftex.def Info: Figures/crit_rad_homo.pdf  used on input line 250.
(pdftex.def)             Requested size: 455.24411pt x 189.68402pt.
 [5 <./Figures/crit_rad_homo.pdf>] [6] [7]
<Figures/Droplet_evap_concept.png, id=595, 431.211pt x 355.92975pt>
File: Figures/Droplet_evap_concept.png Graphic file (type png)
<use Figures/Droplet_evap_concept.png>
Package pdftex.def Info: Figures/Droplet_evap_concept.png  used on input line 335.
(pdftex.def)             Requested size: 182.09486pt x 150.30412pt.
 [8 <./Figures/Droplet_evap_concept.png>] [9] [10]
<Figures/NES_h_s.png, id=647, 458.31226pt x 310.15875pt>
File: Figures/NES_h_s.png Graphic file (type png)
<use Figures/NES_h_s.png>
Package pdftex.def Info: Figures/NES_h_s.png  used on input line 383.
(pdftex.def)             Requested size: 318.66948pt x 215.66618pt.
 [11 <./Figures/NES_h_s.png>] [12] [13]
<Figures/Condenser_schematic.pdf, id=700, 597.23125pt x 263.59569pt>
File: Figures/Condenser_schematic.pdf Graphic file (type pdf)
<use Figures/Condenser_schematic.pdf>
Package pdftex.def Info: Figures/Condenser_schematic.pdf  used on input line 462.
(pdftex.def)             Requested size: 364.19667pt x 160.74487pt.
 [14]
<Figures/Het_Cond_schematic.pdf, id=717, 597.23125pt x 240.30989pt>
File: Figures/Het_Cond_schematic.pdf Graphic file (type pdf)
<use Figures/Het_Cond_schematic.pdf>
Package pdftex.def Info: Figures/Het_Cond_schematic.pdf  used on input line 474.
(pdftex.def)             Requested size: 364.19667pt x 146.54482pt.
 [15 <./Figures/Condenser_schematic.pdf> <./Figures/Het_Cond_schematic.pdf>] [16]
<Figures/Dropwise_growth.pdf, id=762, 597.23125pt x 548.87248pt>
File: Figures/Dropwise_growth.pdf Graphic file (type pdf)
<use Figures/Dropwise_growth.pdf>
Package pdftex.def Info: Figures/Dropwise_growth.pdf  used on input line 509.
(pdftex.def)             Requested size: 227.62206pt x 209.19347pt.
 [17]
LaTeX Font Info:    Trying to load font information for TS1+lmss on input line 516.
 (/usr/local/texlive/2022/texmf-dist/tex/latex/lm/ts1lmss.fd
File: ts1lmss.fd 2015/05/01 v1.6.1 Font defs for Latin Modern
) [18 <./Figures/Dropwise_growth.pdf>] [19] [20] [21] [22] [23] [24]
Package hyperref Info: bookmark level for unknown algorithm defaults to 0 on input line 612.
 [25] [26] [27]
<Figures/Kelvin_supersat.pdf, id=913, 867.24pt x 433.62pt>
File: Figures/Kelvin_supersat.pdf Graphic file (type pdf)
<use Figures/Kelvin_supersat.pdf>
Package pdftex.def Info: Figures/Kelvin_supersat.pdf  used on input line 684.
(pdftex.def)             Requested size: 455.24411pt x 211.81378pt.
 [28 <./Figures/Kelvin_supersat.pdf>] [29]
LaTeX Font Info:    Font shape `T1/lmss/m/it' in size <12> not available
(Font)              Font shape `T1/lmss/m/sl' tried instead on input line 744.
 [30] [31]
<Figures/Mesh_Cylinder.png, id=1002, 2824.5525pt x 1545.775pt>
File: Figures/Mesh_Cylinder.png Graphic file (type png)
<use Figures/Mesh_Cylinder.png>
Package pdftex.def Info: Figures/Mesh_Cylinder.png  used on input line 794.
(pdftex.def)             Requested size: 455.24411pt x 135.88425pt.

Overfull \hbox (23.55402pt too wide) in paragraph at lines 800--819
 [] 
 []

[32 <./Figures/Mesh_Cylinder.png>] [33]
<Figures/FlatPlate_Mesh.png, id=1029, 2824.5525pt x 1545.775pt>
File: Figures/FlatPlate_Mesh.png Graphic file (type png)
<use Figures/FlatPlate_Mesh.png>
Package pdftex.def Info: Figures/FlatPlate_Mesh.png  used on input line 835.
(pdftex.def)             Requested size: 341.43307pt x 202.39873pt.
 [34 <./Figures/FlatPlate_Mesh.png>] [35] [36] [37]
<Figures/D2_dT.pdf, id=1069, 867.24pt x 722.7pt>
File: Figures/D2_dT.pdf Graphic file (type pdf)
<use Figures/D2_dT.pdf>
Package pdftex.def Info: Figures/D2_dT.pdf  used on input line 909.
(pdftex.def)             Requested size: 455.24411pt x 347.75397pt.
 [38]
<Figures/r_sq_transient_initial.pdf, id=1077, 939.51pt x 433.62pt>
File: Figures/r_sq_transient_initial.pdf Graphic file (type pdf)
<use Figures/r_sq_transient_initial.pdf>
Package pdftex.def Info: Figures/r_sq_transient_initial.pdf  used on input line 918.
(pdftex.def)             Requested size: 455.24411pt x 195.52231pt.
 [39 <./Figures/D2_dT.pdf>]
<Figures/r_sq_hom_vs_D2_lin.pdf, id=1131, 867.24pt x 722.7pt>
File: Figures/r_sq_hom_vs_D2_lin.pdf Graphic file (type pdf)
<use Figures/r_sq_hom_vs_D2_lin.pdf>
Package pdftex.def Info: Figures/r_sq_hom_vs_D2_lin.pdf  used on input line 925.
(pdftex.def)             Requested size: 455.24411pt x 342.48495pt.
 [40 <./Figures/r_sq_transient_initial.pdf>]
<Figures/k_sq_hom_vs_D2.pdf, id=1185, 867.24pt x 722.7pt>
File: Figures/k_sq_hom_vs_D2.pdf Graphic file (type pdf)
<use Figures/k_sq_hom_vs_D2.pdf>
Package pdftex.def Info: Figures/k_sq_hom_vs_D2.pdf  used on input line 934.
(pdftex.def)             Requested size: 455.24411pt x 342.48495pt.
 [41 <./Figures/r_sq_hom_vs_D2_lin.pdf>]
<Figures/dropwise_theta.pdf, id=1240, 867.24pt x 433.62pt>
File: Figures/dropwise_theta.pdf Graphic file (type pdf)
<use Figures/dropwise_theta.pdf>
Package pdftex.def Info: Figures/dropwise_theta.pdf  used on input line 943.
(pdftex.def)             Requested size: 455.24411pt x 206.54477pt.
 [42 <./Figures/k_sq_hom_vs_D2.pdf>]
<Figures/dropwise_sigma_drdt.pdf, id=1297, 722.7pt x 722.7pt>
File: Figures/dropwise_sigma_drdt.pdf Graphic file (type pdf)
<use Figures/dropwise_sigma_drdt.pdf>
Package pdftex.def Info: Figures/dropwise_sigma_drdt.pdf  used on input line 952.
(pdftex.def)             Requested size: 455.24411pt x 417.31082pt.
 [43 <./Figures/dropwise_theta.pdf>]
<Figures/r_knud_vs_dropwise.pdf, id=1337, 867.24pt x 722.7pt>
File: Figures/r_knud_vs_dropwise.pdf Graphic file (type pdf)
<use Figures/r_knud_vs_dropwise.pdf>
Package pdftex.def Info: Figures/r_knud_vs_dropwise.pdf  used on input line 961.
(pdftex.def)             Requested size: 455.24411pt x 342.48495pt.
 [44 <./Figures/dropwise_sigma_drdt.pdf>]
<Figures/drdt_const_assumption.pdf, id=1378, 867.24pt x 433.62pt>
File: Figures/drdt_const_assumption.pdf Graphic file (type pdf)
<use Figures/drdt_const_assumption.pdf>
Package pdftex.def Info: Figures/drdt_const_assumption.pdf  used on input line 972.
(pdftex.def)             Requested size: 455.24411pt x 206.54477pt.
 [45 <./Figures/r_knud_vs_dropwise.pdf>]
<Figures/supersat_plot_speed_compare.pdf, id=1424, 794.97pt x 650.43pt>
File: Figures/supersat_plot_speed_compare.pdf Graphic file (type pdf)
<use Figures/supersat_plot_speed_compare.pdf>
Package pdftex.def Info: Figures/supersat_plot_speed_compare.pdf  used on input line 983.
(pdftex.def)             Requested size: 455.24411pt x 332.24802pt.
 [46 <./Figures/drdt_const_assumption.pdf>]
<Figures/supersat_angular.pdf, id=1462, 867.24pt x 397.485pt>
File: Figures/supersat_angular.pdf Graphic file (type pdf)
<use Figures/supersat_angular.pdf>
Package pdftex.def Info: Figures/supersat_angular.pdf  used on input line 990.
(pdftex.def)             Requested size: 455.24411pt x 187.57637pt.
 [47 <./Figures/supersat_plot_speed_compare.pdf>]
<Figures/I_plot_speed_compare.pdf, id=1521, 722.7pt x 650.43pt>
File: Figures/I_plot_speed_compare.pdf Graphic file (type pdf)
<use Figures/I_plot_speed_compare.pdf>
Package pdftex.def Info: Figures/I_plot_speed_compare.pdf  used on input line 997.
(pdftex.def)             Requested size: 455.24411pt x 352.81728pt.
 [48 <./Figures/supersat_angular.pdf>]
<Figures/N_plot_speed_compare.pdf, id=1582, 722.7pt x 650.43pt>
File: Figures/N_plot_speed_compare.pdf Graphic file (type pdf)
<use Figures/N_plot_speed_compare.pdf>
Package pdftex.def Info: Figures/N_plot_speed_compare.pdf  used on input line 1006.
(pdftex.def)             Requested size: 455.24411pt x 352.81728pt.
 [49 <./Figures/I_plot_speed_compare.pdf>] [50 <./Figures/N_plot_speed_compare.pdf>]
<Figures/r_bar_OF.pdf, id=1682, 867.24pt x 578.16pt>
File: Figures/r_bar_OF.pdf Graphic file (type pdf)
<use Figures/r_bar_OF.pdf>
Package pdftex.def Info: Figures/r_bar_OF.pdf  used on input line 1018.
(pdftex.def)             Requested size: 455.24411pt x 266.61134pt.
<Figures/drdt_OF.pdf, id=1686, 867.24pt x 578.16pt>
File: Figures/drdt_OF.pdf Graphic file (type pdf)
<use Figures/drdt_OF.pdf>
Package pdftex.def Info: Figures/drdt_OF.pdf  used on input line 1025.
(pdftex.def)             Requested size: 455.24411pt x 266.61134pt.
 [51 <./Figures/r_bar_OF.pdf>]
<Figures/heatflux_compare.pdf, id=1746, 867.24pt x 722.7pt>
File: Figures/heatflux_compare.pdf Graphic file (type pdf)
<use Figures/heatflux_compare.pdf>
Package pdftex.def Info: Figures/heatflux_compare.pdf  used on input line 1034.
(pdftex.def)             Requested size: 455.24411pt x 331.94691pt.
 [52 <./Figures/drdt_OF.pdf>] [53 <./Figures/heatflux_compare.pdf>] [54] [55] [56] [57] [58]
<Figures/Parin_exp.png, id=1911, 490.83376pt x 308.95425pt>
File: Figures/Parin_exp.png Graphic file (type png)
<use Figures/Parin_exp.png>
Package pdftex.def Info: Figures/Parin_exp.png  used on input line 1091.
(pdftex.def)             Requested size: 455.24411pt x 286.56076pt.
 [59] [60 <./Figures/Parin_exp.png>] [61] [62] (./main.bbl [63

] [64] [65]
LaTeX Font Info:    Trying to load font information for T1+lmtt on input line 212.
 (/usr/local/texlive/2022/texmf-dist/tex/latex/lm/t1lmtt.fd
File: t1lmtt.fd 2015/05/01 v1.6.1 Font defs for Latin Modern
)
Underfull \hbox (badness 10000) in paragraph at lines 211--215
[]\T1/lmss/m/n/12 ``Sutherland's law Com-sol Doc-u-men-ta-tion.'' [][]$\T1/lmtt/m/n/12 https : / / doc . comsol . com / 5 . 5 /
 []


Underfull \hbox (badness 10000) in paragraph at lines 211--215
\T1/lmtt/m/n/12 doc / com . comsol . help . cfd / cfd _ ug _ fluidflow _ high _ mach . 08 . 27 . html# :
 []


Underfull \hbox (badness 10000) in paragraph at lines 211--215
\T1/lmtt/m/n/12 ~ : text = Sutherland % E2 % 80 % 99s % 20law % 2C % 20or % 20Sutherland % E2 % 80 % 99s %
 []


Underfull \hbox (badness 10000) in paragraph at lines 211--215
\T1/lmtt/m/n/12 20formula % 2C % 20is % 20an % 20approximation ,[] constant . %20Each % 20gas % 20has %
 []


Underfull \hbox (badness 10000) in paragraph at lines 217--220
[]\T1/lmss/m/n/12 ``Mass Dif-fu-siv-ity (gas) vCalc.'' [][]$\T1/lmtt/m/n/12 https : / / www . vcalc . com / wiki / vCalc / Mass %
 []

) [66] [1] [2]
<Figures/drdt_plot_speed_compare.pdf, id=1990, 722.7pt x 650.43pt>
File: Figures/drdt_plot_speed_compare.pdf Graphic file (type pdf)
<use Figures/drdt_plot_speed_compare.pdf>
Package pdftex.def Info: Figures/drdt_plot_speed_compare.pdf  used on input line 1204.
(pdftex.def)             Requested size: 455.24411pt x 397.07762pt.
<Figures/mass_fraction_time_progression.pdf, id=1992, 867.24pt x 361.35pt>
File: Figures/mass_fraction_time_progression.pdf Graphic file (type pdf)
<use Figures/mass_fraction_time_progression.pdf>
Package pdftex.def Info: Figures/mass_fraction_time_progression.pdf  used on input line 1211.
(pdftex.def)             Requested size: 455.24411pt x 179.146pt.
 [3 <./Figures/drdt_plot_speed_compare.pdf>]
Overfull \hbox (5.99023pt too wide) in paragraph at lines 1222--1239
 [][] 
 []

[4 <./Figures/mass_fraction_time_progression.pdf>] (./main.aux (./Title.aux))

LaTeX Warning: There were multiply-defined labels.

Package rerunfilecheck Info: File `main.out' has not changed.
(rerunfilecheck)             Checksum: ED6B9100E473BB5CD5FC98C1CB430852;8898.
 ) 
Here is how much of TeX's memory you used:
 15589 strings out of 476024
 263980 string characters out of 5790025
 1871388 words of memory out of 5000000
 35419 multiletter control sequences out of 15000+600000
 580051 words of font info for 69 fonts, out of 8000000 for 9000
 1141 hyphenation exceptions out of 8191
 110i,16n,106p,2135b,654s stack positions out of 10000i,1000n,20000p,200000b,200000s
{/usr/local/texlive/2022/texmf-dist/fonts/enc/dvips/lm/lm-ec.enc}{/usr/local/texlive/2022/texmf-dist/fonts/enc/dvips/lm/lm-ts1.enc}{/usr/local/texlive/2022/texmf-dist/fonts/enc/dvips/lm/lm-mathit.enc}{/usr/local/texlive/2022/texmf-dist/fonts/enc/dvips/lm/lm-rm.enc}{/usr/local/texlive/2022/texmf-dist/fonts/enc/dvips/lm/lm-mathsy.enc}{/usr/local/texlive/2022/texmf-dist/fonts/enc/dvips/lm/lm-mathex.enc}</usr/local/texlive/2022/texmf-dist/fonts/type1/public/lm/lmcsc10.pfb></usr/local/texlive/2022/texmf-dist/fonts/type1/public/lm/lmex10.pfb></usr/local/texlive/2022/texmf-dist/fonts/type1/public/lm/lmmi12.pfb></usr/local/texlive/2022/texmf-dist/fonts/type1/public/lm/lmmi6.pfb></usr/local/texlive/2022/texmf-dist/fonts/type1/public/lm/lmmi8.pfb></usr/local/texlive/2022/texmf-dist/fonts/type1/public/lm/lmr12.pfb></usr/local/texlive/2022/texmf-dist/fonts/type1/public/lm/lmr6.pfb></usr/local/texlive/2022/texmf-dist/fonts/type1/public/lm/lmr8.pfb></usr/local/texlive/2022/texmf-dist/fonts/type1/public/lm/lmss10.pfb></usr/local/texlive/2022/texmf-dist/fonts/type1/public/lm/lmss12.pfb></usr/local/texlive/2022/texmf-dist/fonts/type1/public/lm/lmss8.pfb></usr/local/texlive/2022/texmf-dist/fonts/type1/public/lm/lmssbx10.pfb></usr/local/texlive/2022/texmf-dist/fonts/type1/public/lm/lmsso12.pfb></usr/local/texlive/2022/texmf-dist/fonts/type1/public/lm/lmsy10.pfb></usr/local/texlive/2022/texmf-dist/fonts/type1/public/lm/lmsy6.pfb></usr/local/texlive/2022/texmf-dist/fonts/type1/public/lm/lmsy8.pfb></usr/local/texlive/2022/texmf-dist/fonts/type1/public/lm/lmtt12.pfb>
Output written on main.pdf (78 pages, 3391813 bytes).
PDF statistics:
 2245 PDF objects out of 2487 (max. 8388607)
 1376 compressed objects within 14 object streams
 307 named destinations out of 1000 (max. 500000)
 651 words of extra memory for PDF output out of 10000 (max. 10000000)

